<?xml version="1.0" encoding="UTF-8"?>
<testsuite name="LibraryTest" tests="1" skipped="0" failures="0" errors="0" timestamp="2017-04-26T10:12:02" hostname="DESKTOP-89T97EL" time="0.002">
  <properties/>
  <testcase name="testSomeLibraryMethod" classname="LibraryTest" time="0.002"/>
  <system-out><![CDATA[]]></system-out>
  <system-err><![CDATA[]]></system-err>
</testsuite>
